This is TeXk, Version 3.14159 (Web2C 7.3.9) (format=latex 2003.1.16)  20 MAR 2003 11:20
 Source specials enabled.
 %&-line parsing enabled.
**\nonstopmode\input{dm2.tex}
(./dm2.tex
\c@num=\count79
 (/usr/share/texmf/tex/latex/base/article.cls
Document Class: article 2001/04/21 v1.4e Standard LaTeX document class
(/usr/share/texmf/tex/latex/base/size10.clo
File: size10.clo 2001/04/21 v1.4e Standard LaTeX file (size option)
)
\c@part=\count80
\c@section=\count81
\c@subsection=\count82
\c@subsubsection=\count83
\c@paragraph=\count84
\c@subparagraph=\count85
\c@figure=\count86
\c@table=\count87
\abovecaptionskip=\skip41
\belowcaptionskip=\skip42
\bibindent=\dimen102
)
(/usr/share/texmf/tex/latex/base/inputenc.sty
Package: inputenc 2001/07/10 v0.99a Input encoding file 

(/usr/share/texmf/tex/latex/base/latin1.def
File: latin1.def 2001/07/10 v0.99a Input encoding file 
))
(/usr/share/texmf/tex/generic/babel/babel.sty
Package: babel 2001/03/01 v3.7h The Babel package

(/usr/share/texmf/tex/generic/babel/frenchb.ldf
Language: french 2001/09/09 v1.5g French support from the babel system

(/usr/share/texmf/tex/generic/babel/babel.def
File: babel.def 2001/03/01 v3.7h Babel common definitions
\babel@savecnt=\count88
\U@D=\dimen103
)
Package babel Info: Making : an active character on input line 199.
Package babel Info: Making ; an active character on input line 200.
Package babel Info: Making ! an active character on input line 201.
Package babel Info: Making ? an active character on input line 202.

*************************************
* Local config file frenchb.cfg used
*
(/usr/share/texmf/tex/generic/babel/frenchb.cfg)))
(/usr/share/texmf/tex/latex/graphics/graphicx.sty
Package: graphicx 1999/02/16 v1.0f Enhanced LaTeX Graphics (DPC,SPQR)

(/usr/share/texmf/tex/latex/graphics/keyval.sty
Package: keyval 1999/03/16 v1.13 key=value parser (DPC)
\KV@toks@=\toks14
)
(/usr/share/texmf/tex/latex/graphics/graphics.sty
Package: graphics 2001/07/07 v1.0n Standard LaTeX Graphics (DPC,SPQR)

(/usr/share/texmf/tex/latex/graphics/trig.sty
Package: trig 1999/03/16 v1.09 sin cos tan (DPC)
)
(/usr/share/texmf/tex/latex/config/graphics.cfg
File: graphics.cfg 2001/08/31 v1.1 graphics configuration of teTeX/TeXLive
)
Package graphics Info: Driver file: dvips.def on input line 80.

(/usr/share/texmf/tex/latex/graphics/dvips.def
File: dvips.def 1999/02/16 v3.0i Driver-dependant file (DPC,SPQR)
))
\Gin@req@height=\dimen104
\Gin@req@width=\dimen105
)
(/usr/share/texmf/tex/latex/misc/marvosym.sty
Package: marvosym 2000/05/01 v2.0 Martin Vogel's Symbols font definitions
) (./dm2.aux)
\openout1 = `dm2.aux'.

LaTeX Font Info:    Checking defaults for OML/cmm/m/it on input line 16.
LaTeX Font Info:    ... okay on input line 16.
LaTeX Font Info:    Checking defaults for T1/cmr/m/n on input line 16.
LaTeX Font Info:    ... okay on input line 16.
LaTeX Font Info:    Checking defaults for OT1/cmr/m/n on input line 16.
LaTeX Font Info:    ... okay on input line 16.
LaTeX Font Info:    Checking defaults for OMS/cmsy/m/n on input line 16.
LaTeX Font Info:    ... okay on input line 16.
LaTeX Font Info:    Checking defaults for OMX/cmex/m/n on input line 16.
LaTeX Font Info:    ... okay on input line 16.
LaTeX Font Info:    Checking defaults for U/cmr/m/n on input line 16.
LaTeX Font Info:    ... okay on input line 16.
LaTeX Font Info:    Checking defaults for OT2/wncyr/m/n on input line 16.
LaTeX Font Info:    Try loading font information for OT2+wncyr on input line 16
.

(/usr/share/texmf/tex/latex/cyrillic/ot2wncyr.fd
File: ot2wncyr.fd 1999/12/17 v3.2a Computer Modern Cyrillic font definitions
)
LaTeX Font Info:    ... okay on input line 16.
LaTeX Info: Redefining \dots on input line 16.
LaTeX Font Info:    External font `cmex10' loaded for size
(Font)              <17.28> on input line 18.
LaTeX Font Info:    External font `cmex10' loaded for size
(Font)              <12> on input line 18.
LaTeX Font Info:    External font `cmex10' loaded for size
(Font)              <8> on input line 18.
LaTeX Font Info:    External font `cmex10' loaded for size
(Font)              <6> on input line 18.


LaTeX Warning: No \author given.

LaTeX Font Info:    External font `cmex10' loaded for size
(Font)              <7> on input line 26.
LaTeX Font Info:    External font `cmex10' loaded for size
(Font)              <5> on input line 26.
File: ../euler-exporte2.eps Graphic file (type eps)
<../euler-exporte2.eps>
File: dm2-1.eps Graphic file (type eps)
 <dm2-1.eps>
Overfull \hbox (69.08374pt too wide) in paragraph at lines 72--72
 [][] 
 []


Underfull \hbox (badness 10000) in paragraph at lines 75--80
[][]\OT1/cmr/m/n/10 Calculer la dis-tance Liverville-Ghadames
 []

[1


] (./dm2.aux) ) 
Here is how much of TeX's memory you used:
 1322 strings out of 61382
 15121 string characters out of 1195948
 66367 words of memory out of 2500001
 4278 multiletter control sequences out of 10000+50000
 8015 words of font info for 28 fonts, out of 500000 for 1000
 14 hyphenation exceptions out of 1000
 26i,8n,24p,221b,280s stack positions out of 1500i,500n,5000p,200000b,5000s

Output written on dm2.dvi (1 page, 3704 bytes).
